<?xml version="1.0" encoding="UTF-8"?>
<!-- Generated by org.testng.reporters.JUnitXMLReporter -->
<testsuite hostname="H5" ignored="0" name="Default test" tests="3" failures="0" timestamp="03 Aug 2017 06:33:39 GMT" time="37.14" errors="0">
  <testcase name="newUserRegistration" time="10.212" classname="com.automation.MavenProj.homePage.TC003_verifyLoginWithDifferentCredentials"/>
  <testcase name="newUserRegistration" time="0.005" classname="com.automation.MavenProj.homePage.TC003_verifyLoginWithDifferentCredentials">
    <skipped/>
  </testcase> <!-- newUserRegistration -->
  <testcase name="newUserRegistration" time="0.004" classname="com.automation.MavenProj.homePage.TC003_verifyLoginWithDifferentCredentials">
    <skipped/>
  </testcase> <!-- newUserRegistration -->
</testsuite> <!-- Default test -->
