<?xml version="1.0" encoding="UTF-8"?>
<testng-results skipped="1" failed="0" ignored="0" total="4" passed="3">
  <reporter-output>
    <line>
      <![CDATA[ <a href = 'C:\Users\Admin\Documents\AutoWorkspace\MavenProj\src\main\java\MavenProj\screenshots\testLogin_abccba@gmail.com_04_08_2017_03_06_15.png'> <img src = 'C:\Users\Admin\Documents\AutoWorkspace\MavenProj\src\main\java\MavenProj\screenshots\testLogin_abccba@gmail.com_04_08_2017_03_06_15.png ' height ='100' width = '100' / > </a>]]>
    </line>
    <line>
      <![CDATA[ <a href = 'C:\Users\Admin\Documents\AutoWorkspace\MavenProj\src\main\java\MavenProj\screenshots\testLogin_pratiksha@gmail.com_04_08_2017_03_06_23.png'> <img src = 'C:\Users\Admin\Documents\AutoWorkspace\MavenProj\src\main\java\MavenProj\screenshots\testLogin_pratiksha@gmail.com_04_08_2017_03_06_23.png ' height ='100' width = '100' / > </a>]]>
    </line>
  </reporter-output>
  <suite name="Suite" duration-ms="54799" started-at="2017-08-04T09:35:46Z" finished-at="2017-08-04T09:36:41Z">
    <groups>
    </groups>
    <test name="Test" duration-ms="54799" started-at="2017-08-04T09:35:46Z" finished-at="2017-08-04T09:36:41Z">
      <class name="MavenProj.homePage.TC_newUser">
        <test-method status="PASS" signature="setup()[pri:0, instance:MavenProj.homePage.TC_newUser@35fc6dc4]" name="setup" is-config="true" duration-ms="19139" started-at="2017-08-04T15:05:46Z" finished-at="2017-08-04T15:06:05Z">
          <reporter-output>
          </reporter-output>
        </test-method> <!-- setup -->
        <test-method status="PASS" signature="beforeMethod(java.lang.reflect.Method)[pri:0, instance:MavenProj.homePage.TC_newUser@35fc6dc4]" name="beforeMethod" is-config="true" duration-ms="17" started-at="2017-08-04T15:06:08Z" finished-at="2017-08-04T15:06:08Z">
          <params>
            <param index="0">
              <value>
                <![CDATA[public void MavenProj.homePage.TC_newUser.newUserRegistration(java.lang.String,java.lang.String,java.lang.String)]]>
              </value>
            </param>
          </params>
          <reporter-output>
          </reporter-output>
        </test-method> <!-- beforeMethod -->
        <test-method status="PASS" signature="newUserRegistration(java.lang.String, java.lang.String, java.lang.String)[pri:1, instance:MavenProj.homePage.TC_newUser@35fc6dc4]" name="newUserRegistration" duration-ms="10197" started-at="2017-08-04T15:06:08Z" data-provider="loginData" finished-at="2017-08-04T15:06:18Z">
          <params>
            <param index="0">
              <value>
                <![CDATA[abccba@gmail.com]]>
              </value>
            </param>
            <param index="1">
              <value>
                <![CDATA[P@ssw0rd]]>
              </value>
            </param>
            <param index="2">
              <value>
                <![CDATA[y]]>
              </value>
            </param>
          </params>
          <reporter-output>
            <line>
              <![CDATA[ <a href = 'C:\Users\Admin\Documents\AutoWorkspace\MavenProj\src\main\java\MavenProj\screenshots\testLogin_abccba@gmail.com_04_08_2017_03_06_15.png'> <img src = 'C:\Users\Admin\Documents\AutoWorkspace\MavenProj\src\main\java\MavenProj\screenshots\testLogin_abccba@gmail.com_04_08_2017_03_06_15.png ' height ='100' width = '100' / > </a>]]>
            </line>
          </reporter-output>
        </test-method> <!-- newUserRegistration -->
        <test-method status="PASS" signature="afterMethod(org.testng.ITestResult)[pri:0, instance:MavenProj.homePage.TC_newUser@35fc6dc4]" name="afterMethod" is-config="true" duration-ms="5" started-at="2017-08-04T15:06:18Z" finished-at="2017-08-04T15:06:18Z">
          <params>
            <param index="0">
              <value>
                <![CDATA[[TestResult name=newUserRegistration status=SUCCESS method=TC_newUser.newUserRegistration(java.lang.String, java.lang.String, java.lang.String)[pri:1, instance:MavenProj.homePage.TC_newUser@35fc6dc4] output= <a href = 'C:\Users\Admin\Documents\AutoWorkspace\MavenProj\src\main\java\MavenProj\screenshots\testLogin_abccba@gmail.com_04_08_2017_03_06_15.png'> <img src = 'C:\Users\Admin\Documents\AutoWorkspace\MavenProj\src\main\java\MavenProj\screenshots\testLogin_abccba@gmail.com_04_08_2017_03_06_15.png ' height ='100' width = '100' / > </a>]]]>
              </value>
            </param>
          </params>
          <reporter-output>
          </reporter-output>
        </test-method> <!-- afterMethod -->
        <test-method status="PASS" signature="beforeMethod(java.lang.reflect.Method)[pri:0, instance:MavenProj.homePage.TC_newUser@35fc6dc4]" name="beforeMethod" is-config="true" duration-ms="2" started-at="2017-08-04T15:06:18Z" finished-at="2017-08-04T15:06:18Z">
          <params>
            <param index="0">
              <value>
                <![CDATA[public void MavenProj.homePage.TC_newUser.newUserRegistration(java.lang.String,java.lang.String,java.lang.String)]]>
              </value>
            </param>
          </params>
          <reporter-output>
          </reporter-output>
        </test-method> <!-- beforeMethod -->
        <test-method status="PASS" signature="newUserRegistration(java.lang.String, java.lang.String, java.lang.String)[pri:1, instance:MavenProj.homePage.TC_newUser@35fc6dc4]" name="newUserRegistration" duration-ms="8449" started-at="2017-08-04T15:06:18Z" data-provider="loginData" finished-at="2017-08-04T15:06:27Z">
          <params>
            <param index="0">
              <value>
                <![CDATA[pratiksha@gmail.com]]>
              </value>
            </param>
            <param index="1">
              <value>
                <![CDATA[qwerty]]>
              </value>
            </param>
            <param index="2">
              <value>
                <![CDATA[y]]>
              </value>
            </param>
          </params>
          <reporter-output>
            <line>
              <![CDATA[ <a href = 'C:\Users\Admin\Documents\AutoWorkspace\MavenProj\src\main\java\MavenProj\screenshots\testLogin_pratiksha@gmail.com_04_08_2017_03_06_23.png'> <img src = 'C:\Users\Admin\Documents\AutoWorkspace\MavenProj\src\main\java\MavenProj\screenshots\testLogin_pratiksha@gmail.com_04_08_2017_03_06_23.png ' height ='100' width = '100' / > </a>]]>
            </line>
          </reporter-output>
        </test-method> <!-- newUserRegistration -->
        <test-method status="PASS" signature="afterMethod(org.testng.ITestResult)[pri:0, instance:MavenProj.homePage.TC_newUser@35fc6dc4]" name="afterMethod" is-config="true" duration-ms="1" started-at="2017-08-04T15:06:27Z" finished-at="2017-08-04T15:06:27Z">
          <params>
            <param index="0">
              <value>
                <![CDATA[[TestResult name=newUserRegistration status=SUCCESS method=TC_newUser.newUserRegistration(java.lang.String, java.lang.String, java.lang.String)[pri:1, instance:MavenProj.homePage.TC_newUser@35fc6dc4] output= <a href = 'C:\Users\Admin\Documents\AutoWorkspace\MavenProj\src\main\java\MavenProj\screenshots\testLogin_pratiksha@gmail.com_04_08_2017_03_06_23.png'> <img src = 'C:\Users\Admin\Documents\AutoWorkspace\MavenProj\src\main\java\MavenProj\screenshots\testLogin_pratiksha@gmail.com_04_08_2017_03_06_23.png ' height ='100' width = '100' / > </a>]]]>
              </value>
            </param>
          </params>
          <reporter-output>
          </reporter-output>
        </test-method> <!-- afterMethod -->
        <test-method status="PASS" signature="beforeMethod(java.lang.reflect.Method)[pri:0, instance:MavenProj.homePage.TC_newUser@35fc6dc4]" name="beforeMethod" is-config="true" duration-ms="1" started-at="2017-08-04T15:06:27Z" finished-at="2017-08-04T15:06:27Z">
          <params>
            <param index="0">
              <value>
                <![CDATA[public void MavenProj.homePage.TC_newUser.newUserRegistration(java.lang.String,java.lang.String,java.lang.String)]]>
              </value>
            </param>
          </params>
          <reporter-output>
          </reporter-output>
        </test-method> <!-- beforeMethod -->
        <test-method status="SKIP" signature="newUserRegistration(java.lang.String, java.lang.String, java.lang.String)[pri:1, instance:MavenProj.homePage.TC_newUser@35fc6dc4]" name="newUserRegistration" duration-ms="4" started-at="2017-08-04T15:06:27Z" data-provider="loginData" finished-at="2017-08-04T15:06:27Z">
          <params>
            <param index="0">
              <value>
                <![CDATA[sdg@gmail.com]]>
              </value>
            </param>
            <param index="1">
              <value>
                <![CDATA[sdf]]>
              </value>
            </param>
            <param index="2">
              <value>
                <![CDATA[n]]>
              </value>
            </param>
          </params>
          <exception class="org.testng.SkipException">
            <message>
              <![CDATA[Skipping as Run mode set as No]]>
            </message>
            <full-stacktrace>
              <![CDATA[org.testng.SkipException: Skipping as Run mode set as No
	at MavenProj.homePage.TC_newUser.newUserRegistration(TC_newUser.java:38)
	at sun.reflect.NativeMethodAccessorImpl.invoke0(Native Method)
	at sun.reflect.NativeMethodAccessorImpl.invoke(Unknown Source)
	at sun.reflect.DelegatingMethodAccessorImpl.invoke(Unknown Source)
	at java.lang.reflect.Method.invoke(Unknown Source)
	at org.testng.internal.MethodInvocationHelper.invokeMethod(MethodInvocationHelper.java:104)
	at org.testng.internal.Invoker.invokeMethod(Invoker.java:645)
	at org.testng.internal.Invoker.invokeTestMethod(Invoker.java:851)
	at org.testng.internal.Invoker.invokeTestMethods(Invoker.java:1177)
	at org.testng.internal.TestMethodWorker.invokeTestMethods(TestMethodWorker.java:129)
	at org.testng.internal.TestMethodWorker.run(TestMethodWorker.java:112)
	at org.testng.TestRunner.privateRun(TestRunner.java:756)
	at org.testng.TestRunner.run(TestRunner.java:610)
	at org.testng.SuiteRunner.runTest(SuiteRunner.java:387)
	at org.testng.SuiteRunner.runSequentially(SuiteRunner.java:382)
	at org.testng.SuiteRunner.privateRun(SuiteRunner.java:340)
	at org.testng.SuiteRunner.run(SuiteRunner.java:289)
	at org.testng.SuiteRunnerWorker.runSuite(SuiteRunnerWorker.java:52)
	at org.testng.SuiteRunnerWorker.run(SuiteRunnerWorker.java:86)
	at org.testng.TestNG.runSuitesSequentially(TestNG.java:1293)
	at org.testng.TestNG.runSuitesLocally(TestNG.java:1218)
	at org.testng.TestNG.runSuites(TestNG.java:1133)
	at org.testng.TestNG.run(TestNG.java:1104)
	at org.testng.remote.AbstractRemoteTestNG.run(AbstractRemoteTestNG.java:132)
	at org.testng.remote.RemoteTestNG.initAndRun(RemoteTestNG.java:230)
	at org.testng.remote.RemoteTestNG.main(RemoteTestNG.java:76)
]]>
            </full-stacktrace>
          </exception> <!-- org.testng.SkipException -->
          <reporter-output>
          </reporter-output>
        </test-method> <!-- newUserRegistration -->
        <test-method status="PASS" signature="afterMethod(org.testng.ITestResult)[pri:0, instance:MavenProj.homePage.TC_newUser@35fc6dc4]" name="afterMethod" is-config="true" duration-ms="1" started-at="2017-08-04T15:06:27Z" finished-at="2017-08-04T15:06:27Z">
          <params>
            <param index="0">
              <value>
                <![CDATA[[TestResult name=newUserRegistration status=SKIP method=TC_newUser.newUserRegistration(java.lang.String, java.lang.String, java.lang.String)[pri:1, instance:MavenProj.homePage.TC_newUser@35fc6dc4] output={null}]]]>
              </value>
            </param>
          </params>
          <reporter-output>
          </reporter-output>
        </test-method> <!-- afterMethod -->
        <test-method status="PASS" signature="beforeMethod(java.lang.reflect.Method)[pri:0, instance:MavenProj.homePage.TC_newUser@35fc6dc4]" name="beforeMethod" is-config="true" duration-ms="1" started-at="2017-08-04T15:06:27Z" finished-at="2017-08-04T15:06:27Z">
          <params>
            <param index="0">
              <value>
                <![CDATA[public void MavenProj.homePage.TC_newUser.newUserRegistration()]]>
              </value>
            </param>
          </params>
          <reporter-output>
          </reporter-output>
        </test-method> <!-- beforeMethod -->
        <test-method status="PASS" signature="newUserRegistration()[pri:2, instance:MavenProj.homePage.TC_newUser@35fc6dc4]" name="newUserRegistration" duration-ms="13027" started-at="2017-08-04T15:06:27Z" finished-at="2017-08-04T15:06:40Z">
          <reporter-output>
          </reporter-output>
        </test-method> <!-- newUserRegistration -->
        <test-method status="PASS" signature="afterMethod(org.testng.ITestResult)[pri:0, instance:MavenProj.homePage.TC_newUser@35fc6dc4]" name="afterMethod" is-config="true" duration-ms="2" started-at="2017-08-04T15:06:40Z" finished-at="2017-08-04T15:06:40Z">
          <params>
            <param index="0">
              <value>
                <![CDATA[[TestResult name=newUserRegistration status=SUCCESS method=TC_newUser.newUserRegistration()[pri:2, instance:MavenProj.homePage.TC_newUser@35fc6dc4] output={null}]]]>
              </value>
            </param>
          </params>
          <reporter-output>
          </reporter-output>
        </test-method> <!-- afterMethod -->
        <test-method status="PASS" signature="testEnd()[pri:0, instance:MavenProj.homePage.TC_newUser@35fc6dc4]" name="testEnd" is-config="true" duration-ms="1071" started-at="2017-08-04T15:06:40Z" finished-at="2017-08-04T15:06:41Z">
          <reporter-output>
          </reporter-output>
        </test-method> <!-- testEnd -->
      </class> <!-- MavenProj.homePage.TC_newUser -->
    </test> <!-- Test -->
  </suite> <!-- Suite -->
</testng-results>
